<?xml version="1.0" encoding="UTF-8"?>
<!-- Generated by org.testng.reporters.JUnitXMLReporter -->
<testsuite hostname="BRD-PG00WC4S-L" ignored="0" name="master" tests="3" failures="1" timestamp="22 Apr 2019 12:08:57 GMT" time="75.22" errors="0">
  <testcase name="testSmartDeposit" time="31.125" classname="tests.MasterTest"/>
  <testcase name="testSmartRetrieve" time="10.879" classname="tests.MasterTest"/>
  <testcase name="testSmartRetention" time="10.99" classname="tests.MasterTest">
    <failure type="java.lang.AssertionError" message="expected [true] but found [false]">
      <![CDATA[java.lang.AssertionError: expected [true] but found [false]
at helper.Assert.assertTrue(Assert.java:14)
at helper.DriverOperations.selectDropdownOptionByVisibleText(DriverOperations.java:193)
at pages.SmartRetentionPage.createRule(SmartRetentionPage.java:103)
at tests.MasterTest.testSmartRetention(MasterTest.java:95)
... Removed 29 stack frames]]>
    </failure>
  </testcase> <!-- testSmartRetention -->
</testsuite> <!-- master -->
